1000
0
452
599
811
813
771
792
429
216
371
218
600
1
516
643
327
350
645
686
411
496
498
795
108
453
578
110
812
814
601
770
2
772
4
392
519
330
370
689
372
431
351
602
646
579
412
794
710
796
497
603
815
3
391
432
5
220
393
434
518
688
373
580
690
329
455
582
331
112
500
711
713
604
353
797
6
433
414
435
219
394
520
111
454
522
773
374
456
499
501
581
605
647
607
649
712
352
114
436
691
774
7
221
395
715
776
798
413
584
415
457
816
332
521
818
523
648
606
692
222
354
437
718
333
356
113
651
115
503
583
714
775
416
585
25
27
898
941
173
474
900
943
67
476
666
558
246
285
962
287
964
91
304
537
306
46
198
266
28
899
69
175
901
942
71
944
136
540
138
557
47
176
965
49
92
265
288
248
477
560
945
70
308
29
539
137
177
139
667
48
50
200
73
478
93
480
542
902
904
247
178
307
559
668
180
267
140
199
290
201
250
51
268
946
72
562
948
94
479
541
669
31
481
671
903
966
309
179
269
271
544
906
967
310
202
289
52
95
182
249
30
291
561
32
563
74
482
670
672
968
970
905
458
922
223
9
800
817
438
880
998
778
627
525
224
735
861
737
984
116
396
985
156
459
839
841
439
630
799
881
8
801
987
10
397
225
777
819
924
821
860
524
738
862
526
398
157
460
780
840
842
986
226
629
882
988
11
228
802
399
820
923
925
117
863
119
158
740
989
227
400
229
402
779
803
12
631
440
462
822
527
529
441
632
118
739
843
741
845
781
927
401
823
883
13
160
403
804
865
461
633
121
463
442
528
782
444
884
824
886
826
844
846
990
634
926
992
159
783
14
230
232
270
693
311
375
755
334
377
543
757
75
545
203
181
355
608
694
155
183
610
502
650
696
717
273
293
312
314
335
337
76
231
417
947
376
758
505
609
695
184
611
272
357
564
673
77
274
292
79
336
675
716
313
315
547
652
698
96
586
654
205
295
565
719
358
378
567
97
504
587
99
233
589
674
676
697
78
379
613
653
655
338
359
418
340
276
361
546
204
548
566
234
506
568
81
294
508
98
100
380
759
382
419
761
185
588
235
612
699
237
297
614
316
420
360
275
362
678
339
80
186
82
188
206
507
509
550
700
317
702
720
722
319
760
762
278
381
207
383
209
342
421
615
296
236
423
298
590
102
656
569
677
571
549
187
510
551
701
189
141
252
464
635
847
949
53
885
951
33
483
908
142
742
991
636
744
993
928
251
930
969
161
253
971
163
888
143
637
145
639
848
907
950
743
952
745
994
35
929
54
162
255
887
465
889
973
144
146
953
638
909
995
34
466
484
746
36
55
468
486
890
972
56
254
910
974
931
954
164
933
147
166
640
849
642
996
57
467
485
469
747
911
257
913
891
955
148
165
850
167
932
58
641
37
470
487
39
256
489
644
59
851
912
149
914
975
892
384
864
120
721
616
422
443
341
405
424
445
825
238
724
806
764
867
190
122
239
16
617
425
512
805
404
763
299
343
406
301
345
866
723
827
868
123
125
240
242
766
385
387
618
828
446
726
15
448
191
511
807
809
124
300
126
302
344
346
829
427
831
192
514
765
241
408
243
17
386
19
388
447
725
727
808
193
426
303
620
869
767
830
871
407
769
832
409
513
194
18
196
20
244
348
449
389
451
128
870
428
833
430
810
619
768
621
347
349
410
515
729
195
517
305
245
197
21
390
450
873
168
318
531
591
208
277
680
127
784
657
748
60
363
570
101
365
572
592
321
38
258
471
260
488
785
130
530
658
749
997
999
210
679
212
593
61
595
104
750
491
533
659
41
573
752
170
279
364
366
786
259
320
682
129
261
322
893
131
472
895
62
660
662
594
280
211
787
103
282
490
40
532
534
574
42
751
681
63
169
106
788
894
473
368
64
535
661
281
663
789
213
323
897
263
492
596
683
753
105
132
65
107
134
171
324
43
493
790
45
214
367
369
495
575
664
577
283
597
684
754
896
66
325
756
68
172
709
791
174
215
262
217
264
475
598
133
793
135
685
326
665
687
284
328
494
44
286
536
109
538
576
84
834
934
976
852
957
978
704
854
150
728
872
730
874
22
552
623
935
937
916
853
956
977
83
703
705
23
151
622
624
836
856
936
915
938
85
554
706
979
835
958
731
837
855
86
152
733
24
88
625
857
875
917
980
959
961
707
940
553
555
981
983
918
626
876
878
838
858
87
732
89
154
960
556
708
919
921
939
26
982
859
877
963
734
879
628
736
153
90
920
