24 216 249 148 276 273 187 200 79 96 29 241 50 160 76 131 98 223 55 106 30 186 272 257 183
20 0 275 88 259 136 218 18 213 281 282 82 111 61 48 10 112 12 215 233 94
20 180 212 246 133 227 285 21 39 28 121 11 140 119 16 266 59 262 1 173 130
19 167 85 294 260 15 156 188 102 146 236 197 42 235 201 265 71 206 208 132
23 296 87 103 203 290 74 60 226 277 214 271 3 163 6 25 5 196 155 228 256 84 169 2
21 116 75 159 95 225 63 129 224 174 204 209 89 101 287 205 78 154 279 240 49 274
0 
0 
0 
0 
0 
0 
0 
0 
0 
0 
0 
0 
0 
0 
0 
0 
0 
0 
0 
0 
0 
0 
0 
0 
0 
0 
0 
0 
0 
0 
0 
0 
0 
0 
0 
0 
0 
0 
0 
0 
0 
0 
0 
0 
0 
0 
0 
0 
0 
0 
0 
0 
0 
0 
0 
0 
0 
0 
0 
0 
0 
0 
0 
0 
0 
0 
0 
0 
0 
0 
0 
0 
0 
0 
0 
0 
0 
0 
0 
0 
0 
0 
0 
0 
0 
0 
0 
0 
0 
0 
0 
0 
0 
0 
