2 0 572
1 1
1 2
1 3
2 4 2676
2 5 3248
2 6 6071
1 7
2 8 7251
1 9
2 10 9203
1 11
1 12
2 13 1576
2 14 6057
1 15
1 16
2 17 6264
2 18 2947
2 19 1379
1 20
2 21 449
3 22 148 5247
2 23 4821
1 24
2 25 427
3 26 5677 8671
1 27
2 28 4078
1 29
1 30
1 31
2 32 9099
2 33 2774
2 34 2836
1 35
2 36 2794
1 37
2 38 2948
2 39 683
2 40 7952
1 41
2 42 2253
2 43 1894
1 44
2 45 6883
2 46 85
2 47 3729
2 48 3210
2 49 1137
2 50 3083
2 51 7258
2 52 9502
1 53
2 54 1248
1 55
2 56 3297
2 57 772
2 58 9519
2 59 8452
1 60
1 61
1 62
1 63
1 64
1 65
2 66 243
1 67
2 68 3703
2 69 9199
2 70 370
2 71 2690
2 72 1525
1 73
2 74 1091
1 75
1 76
2 77 418
1 78
1 79
2 80 2155
