7 7013 332 1537 9659 3955 5207 8865
6 8773 3430 6967 6674 6610 8106
8 6252 2791 8823 475 388 5687 5828 8654
7 719 1013 448 5562 449 4182 148
8 1178 6558 5663 657 3694 5349 548 9507
8 3696 7329 718 3482 4453 7520 1274 5731
7 6031 2589 435 5622 7940 5331 1619
7 7109 6404 8184 8974 2354 143 3571
9 6403 4208 8868 8353 2048 8997 6224 5432 1823
8 9913 5343 3947 6729 7564 3428 7201 3324
9 3580 8950 1734 4202 5238 7006 4632 3526 5644
9 4435 3281 1406 8157 8403 1787 9739 5671 2145
8 1560 8329 1228 5626 9579 1035 6520 635
10 474 9216 7993 209 1046 7793 771 7258 2080 6993
8 568 734 9452 2992 4966 7830 3086 6477
8 9313 6695 2015 8348 6904 8822 631 8648
7 1992 9283 9449 8194 2630 4301 7228
10 4078 9675 3333 7224 9180 8097 4097 4240 1636 7133
9 2695 1528 7711 8892 5799 2921 4590 9961 4542
10 5868 6961 9406 1625 4830 4163 936 7720 4972 7496
10 1209 6381 1447 513 5267 7143 9955 8525 7157 9198
7 8292 7957 8758 2470 9252 1764 5011
6 6412 4346 1269 1135 5989 9555
9 7399 4842 7028 7406 2132 7271 1736 4573 2361
7 303 2559 8509 4644 233 6988 4220
9 6670 5717 9090 9845 4503 2037 5763 2050 6368
9 7956 8962 2942 1421 5792 8661 2097 8132 4424
10 3629 2316 9187 5743 1518 9858 4608 3881 4422 9792
9 1515 6198 3409 428 2640 7392 2204 609 1641
10 1757 9325 8932 6740 1272 6762 8705 94 5142 8943
10 4309 9679 610 7704 5699 4862 235 227 9615 2697
8 3253 2576 9733 4223 933 3614 2855 5760
10 5018 5934 8520 3176 9735 2565 1283 6841 6417 1293
8 187 5769 7188 5858 3802 8416 4588 8717
8 5970 4758 4948 3566 8687 1818 6230 5895
10 6466 3090 8342 8848 5711 40 7944 9865 2094 5855
8 8640 24 5245 4250 6009 6744 4926 5202
8 2519 549 8787 9985 8609 5708 356 1956
10 1315 7401 1724 789 6446 886 9302 3412 5354 5718
9 5440 3444 8102 3104 4485 4775 3902 9732 3633
9 1335 3167 8086 1869 5662 7037 3980 1400 9467
11 2135 5424 6724 1773 4630 9179 9980 5233 4650 3020 5592
10 4839 2917 2774 1121 2577 8984 9056 8336 1540 6631
10 4525 5324 489 3826 9011 4880 5382 8013 1157 9775
8 2949 117 2828 3578 8126 2785 2258 2298
10 84 920 7455 9920 2059 2648 1308 9017 4492 794
9 1543 6831 1414 4164 849 3498 3163 6787 7744
8 7928 3855 1105 708 3496 748 9145 9277
8 9707 8878 9813 7380 4857 3660 1205 1495
9 5299 7040 8587 1024 4658 7761 2452 5320 1713
8 2571 273 3030 2335 4352 8692 4280 1140
9 3869 222 4586 6836 6871 2330 1075 5893 3627
8 2356 1776 4781 1010 7779 9218 3312 9749
10 8175 1867 6900 5237 640 6163 7755 1058 1526 4996
10 7965 9409 3693 2742 7922 1859 8872 8060 925 2976
10 3156 4307 7229 6155 1587 8214 6863 7071 8964 9909
10 2432 5235 4687 5487 5712 9833 6622 1574 8893 5449
9 88 2883 5161 864 7579 5910 581 7688 7537
9 5335 8708 8179 8715 5107 9288 736 4122 229
9 6783 5086 4066 7512 1326 4871 3959 75 4510
10 9393 2061 7064 1674 2338 9812 6824 9488 4402 4310
10 6002 3549 6160 2422 6615 8288 1753 2367 8756 56
10 8310 8477 2327 3384 6474 9284 4768 8732 6553 2764
10 7475 3307 5027 1512 6021 7282 9908 6509 1594 758
9 4008 5300 5402 1194 2717 958 6314 9309 431
10 4094 4071 3168 9463 2442 2810 6240 7500 7261 9097
7 2920 6663 768 1997 3291 4950 5325
9 7463 6807 1794 5771 3119 5679 6325 6022 4735
9 1066 7070 3692 6884 977 7778 4144 3771 8923
8 4377 311 7554 3232 2931 4915 1462 6080
8 677 4679 8786 1755 4584 9083 4500 749
9 2465 5860 7119 3849 4953 1448 333 9455 2136
9 4379 2986 3540 1260 6597 5104 9755 5776 3749
6 8890 1508 1779 261 1440 9567
9 9976 9140 4475 8434 8173 2760 4831 532 251
8 3607 7929 6607 212 2558 151 6675 3246
11 2735 9888 5902 9347 4299 4493 4019 5482 2499 2902 8078
7 9084 6228 7114 9874 4403 2212 4324
10 9847 6115 4536 8449 7876 881 7924 42 3243 6019
10 7657 3555 394 8158 9657 5660 2034 8680 8322 1403
6 8670 3557 8546 4565 5820 5599
10 5693 5341 4877 9382 2207 2343 2947 6510 2878 1966
7 2384 1500 4497 5608 9697 5772 6032
9 3442 55 3005 7372 2817 9639 4442 3303 8879
10 9752 7561 9402 4246 2000 3946 5864 470 8777 2211
8 563 8629 1777 5962 9706 3943 8762 2134
7 3654 9562 5124 4486 4963 5797 1060
6 7468 1325 9163 8522 9294 4987
6 9563 1888 3575 4255 368 7809
9 6822 4058 3008 3108 2732 8780 5778 9049 2839
11 7429 9799 9698 9974 4624 8995 5619 3593 3178 6761 8156
3 7227 3648 2736
6 2418 3532 4074 6679 7050 5563
10 4090 5885 8736 661 2167 4270 1946 8107 9253 2200
9 5497 6916 8420 7129 3263 3082 9251 9243 5798
9 4494 297 8435 9815 5088 1428 7328 7023 2421
6 9121 5433 7498 9244 7667 7039
6 6321 3594 8014 3449 5850 6302
8 9550 6752 2967 4344 4562 4262 8497 7964
6 7716 1182 4722 7137 2666 3644
6 2176 1474 8815 7155 9178 4308
9 3055 541 6662 7631 4645 6416 4076 8455 3914
6 8227 4236 9250 6564 1952 4277
9 7913 2641 4084 2473 3757 8010 7332 2822 1003
6 3647 9100 30 1499 2088 7044
7 3321 9475 5219 4290 1632 764 2806
7 6039 7086 5036 6925 515 3820 3322
7 4829 5425 66 584 534 7997 5051
5 7948 777 3437 7970 2070
10 9619 4894 1227 6877 4297 2884 5519 3145 264 3637
6 5991 8827 2125 4210 8235 1207
8 5649 3601 2250 6247 698 2749 2349 690
9 2247 1005 477 9297 8037 8562 859 2255 3492
5 7325 867 7461 5618 5749
6 8578 1563 3597 6945 9745 8607
5 3202 3550 1026 7170 6569
8 7862 8209 8224 2291 695 3379 7056 8507
9 672 4618 3743 2357 9640 1778 3684 2223 5055
6 8965 5158 4114 9542 2283 2888
5 9459 9330 5597 7241 3172
6 3358 9539 6391 5577 5392 9336
7 3708 8681 7642 8807 5728 5916 9600
5 8967 7749 6773 4678 1935
9 1273 3371 2324 1142 607 857 495 8944 2165
0 
0 
0 
0 
0 
0 
0 
0 
0 
0 
0 
0 
0 
0 
0 
0 
0 
0 
0 
0 
0 
0 
0 
0 
0 
0 
0 
0 
0 
0 
0 
0 
0 
0 
0 
0 
0 
0 
0 
0 
0 
0 
0 
0 
0 
0 
0 
0 
0 
0 
0 
0 
0 
0 
0 
0 
0 
0 
0 
0 
0 
0 
0 
0 
0 
0 
0 
0 
0 
0 
0 
0 
0 
0 
0 
0 
0 
0 
0 
0 
0 
0 
0 
0 
0 
0 
0 
0 
0 
0 
0 
0 
0 
0 
0 
0 
0 
0 
0 
0 
0 
0 
0 
0 
0 
0 
0 
0 
0 
0 
0 
0 
0 
0 
0 
0 
0 
0 
0 
0 
0 
0 
0 
0 
0 
0 
0 
0 
0 
0 
0 
0 
0 
0 
0 
0 
0 
0 
0 
0 
0 
0 
0 
0 
0 
0 
0 
0 
0 
0 
0 
0 
0 
0 
0 
0 
0 
0 
0 
0 
0 
0 
0 
0 
0 
0 
0 
0 
0 
0 
0 
0 
0 
0 
0 
0 
0 
0 
0 
0 
0 
0 
0 
0 
0 
0 
0 
0 
0 
0 
0 
0 
0 
0 
0 
0 
0 
0 
0 
0 
0 
0 
0 
0 
0 
0 
0 
0 
0 
0 
0 
0 
0 
0 
0 
0 
0 
0 
0 
0 
0 
0 
0 
0 
0 
0 
0 
0 
0 
0 
0 
0 
0 
0 
0 
0 
0 
0 
0 
0 
0 
0 
0 
0 
0 
0 
0 
0 
0 
0 
0 
0 
0 
0 
0 
0 
0 
0 
0 
0 
0 
0 
0 
0 
0 
0 
0 
0 
0 
0 
0 
0 
0 
0 
0 
0 
