50 6428 9738 8544 6603 1312 8952 5815 4311 1558 5949 3122 8417 6990 3513 8263 1549 1007 8877 4782 2120 2148 7237 1102 1314 568 9595 4727 6334 6946 5272 7447 7624 5458 6381 9656 8809 8719 4242 2597 2434 7601 7604 4995 9579 4352 9615 2431 6598 6017 9604
45 45 7833 3216 9561 6245 5345 7253 3410 2323 7668 1203 4350 6359 9437 6535 8728 3229 161 9654 8189 7308 5306 7696 8489 7692 8908 2043 2292 7410 8643 9597 6132 9834 242 7902 8632 2796 2269 5466 2828 852 9358 8548 283 8307
46 9475 2368 9601 5370 2351 9635 1205 7060 3612 2966 1217 6551 7872 8581 3430 2947 4095 4281 5304 8815 6098 428 5427 7112 6006 6670 958 6106 1161 5464 3790 6232 3445 3178 118 9086 9379 9193 3066 3800 6327 8880 2904 4643 8443 1177
49 2822 5455 9435 3968 6152 2000 9940 3951 9397 4677 791 6859 9439 9975 3480 9338 1304 1693 373 2030 7032 1292 8604 2033 5993 2413 5220 9796 9325 4819 2047 5816 500 1563 1844 6458 4932 4075 2545 2732 5337 5629 4798 7518 3406 5285 9580 2925 9354
48 8450 3831 6845 1752 1595 416 6754 8052 9123 9190 6753 5058 1998 1302 3544 6329 7330 9548 301 9092 2276 9303 4294 5450 382 920 6439 2951 1977 8310 801 759 5920 3017 1077 5576 6420 1628 459 6619 8810 8660 516 574 4058 5178 9163 9307
46 2139 4115 3210 314 6600 5476 8717 3953 3139 4391 15 6027 164 7393 8423 5802 1519 9254 4520 6318 2891 1405 709 7701 9411 1706 3525 5479 505 5672 1656 4604 3475 1992 2222 3624 6254 5776 732 8032 3649 5870 2067 6626 6974 4821
49 2921 4891 701 625 1539 8590 7475 7752 3763 9384 5005 7436 5714 8834 6866 4724 2132 2320 3794 8284 8611 2080 6684 5839 8901 9421 6438 9560 5242 6400 248 7208 761 495 6095 1922 6852 7905 7967 9686 6499 4020 6783 5491 8928 4512 3857 5273 722
50 3117 8980 3860 9826 5492 5511 736 6407 5829 837 9462 1282 4282 9183 9939 3711 4388 5028 4334 4519 8437 5289 5441 2842 2682 1661 1552 369 9570 3650 6146 6512 9070 5980 5078 9269 1703 423 9374 1841 4320 344 6916 4479 3668 7817 5621 6955 6952 233
46 835 6812 3611 1038 1734 9131 1051 4560 3716 5307 8050 1322 7117 1433 793 7651 6989 3548 1034 3095 9279 8886 9381 5114 4340 3639 9169 7994 3594 524 7495 4899 1561 8785 1381 9610 5305 5091 9124 6761 8376 3457 5507 2895 2956 1993
48 3060 3709 2711 8948 2442 6482 6889 1059 5423 8966 3267 6221 4251 5274 8398 987 6824 5121 7336 8878 1585 8035 3730 3393 5122 245 2888 4656 2309 7425 3372 913 3397 8229 7263 8065 298 9903 3948 1594 4271 1762 6637 9723 7934 6680 7996 9784
48 9670 7643 5798 3025 8339 7397 1139 968 4529 2395 9721 1639 3741 5742 1802 1679 2595 5059 2260 1402 6352 9414 3382 844 8148 361 4207 7836 8034 912 6526 4499 1335 6913 8557 5715 2784 5728 2953 105 6325 8782 47 5280 870 2809 6121 2436
46 1566 1711 1660 5557 3503 1192 6493 8906 2352 8937 3019 466 5506 5053 3785 51 594 7328 4383 1044 4985 1701 7005 5027 669 4815 8996 3928 2910 6336 8839 3666 657 8664 8382 4173 5221 6053 6838 1181 1263 1655 7319 9555 6173 1289
51 156 2440 6197 3877 4701 9747 6046 8885 1964 8471 8421 5610 9546 1151 9133 8518 9798 5071 5070 5175 9545 9862 1085 8185 4098 5075 8871 7515 9823 1117 5331 6739 4187 5468 5697 9965 4154 315 8252 312 9572 7281 652 5536 9064 9748 4714 2249 4418 7911 4087
49 493 2209 5354 476 6578 6664 2459 9884 2747 9097 8991 8500 9622 6615 4025 6572 4785 1680 8677 1045 2502 5834 7459 6601 198 2893 5718 6048 8087 3068 4654 2700 4451 8459 9512 5625 7420 6126 6848 3577 6751 1347 9353 7100 7837 5481 8360 3021 6148
46 7136 4611 2652 816 9942 3899 3333 170 5855 8820 2912 1138 6676 2331 2064 4174 8206 8573 7267 6510 6665 4343 5820 1063 2283 3102 6884 3004 6387 5554 1619 9521 4233 5762 8014 7512 3713 1454 5864 20 2329 937 1079 5789 7806 5561
48 1785 9049 2378 6791 6347 4088 4757 1520 5612 1390 2126 5360 1487 2644 1865 6295 5878 5843 8466 5578 1069 3290 2998 600 9448 5727 8190 7898 7834 1240 7879 6054 9944 7780 4142 4245 6855 8287 5180 7520 4008 7923 127 8416 5774 6542 8114 5638
48 6261 2758 2823 6190 5613 3681 498 6402 3582 4186 5020 2775 1994 8798 3439 6215 4348 3215 5704 7268 2373 8191 1742 9222 7792 673 2739 4312 2206 7159 8534 9551 1624 3485 4806 9519 5449 7055 3424 7457 1800 7970 5398 3161 1027 1522 5284 2254
49 1959 3183 152 9360 4246 9336 3630 5462 1822 434 443 9825 9356 5916 4377 2194 7680 8025 8794 9760 1166 8899 5428 2354 1352 5191 2741 5775 1828 1225 3325 7103 9758 5034 8086 104 579 2934 6489 3586 1337 8823 7125 8110 7968 3074 2467 2561 3504
49 2234 3187 9988 8961 7946 3972 8027 130 6756 5585 9678 6280 2106 5170 6874 4938 8483 5023 5530 3110 6252 9855 1698 2017 430 2657 914 9877 9209 5013 5957 3378 3466 3751 4663 6081 3053 2284 4319 3706 3208 4615 7192 3734 3057 9388 7537 3808 2497
51 6933 3353 6392 6227 2090 7343 8740 5156 7449 6150 5117 3347 7637 8239 5784 6409 9853 4031 5045 532 4032 8552 4696 7300 5817 3269 4862 7363 5943 6607 3869 9046 3327 3276 7314 7582 4781 8735 5753 1153 7895 9661 7505 7094 5231 8228 7470 3826 9782 9827 6091
50 2922 3516 5262 8654 7496 9646 6474 3844 2135 5066 4304 9329 8913 43 5772 9084 8004 620 5382 6914 5420 4284 92 9081 5093 5072 7124 6930 4240 3319 3253 1702 1075 4606 7945 1979 3864 5243 3994 1527 4741 856 5813 3796 7726 2516 2291 4502 9724 98
45 5634 5832 8579 626 8415 9951 3919 5116 9761 1604 3783 3272 9310 6312 7745 7374 4822 2928 8350 6115 8938 3136 9736 7146 4776 6220 633 2216 8900 9085 4429 1696 6825 4000 3578 5225 7602 4196 8068 4437 4461 119 8470 1793 973
50 2734 5266 445 750 3169 9202 2 2195 1239 2218 3847 8958 4828 4089 2679 4017 4306 4542 9375 6210 2935 8106 6993 6143 3806 1308 9547 1535 3343 5484 255 9487 7225 9693 8930 8069 6196 770 7339 880 3224 9074 4664 4337 5275 2737 578 2957 9802 9941
43 7245 8995 8407 8364 1365 4660 1772 1890 2212 7158 930 7605 2136 1306 9149 9178 790 8089 2153 3839 5874 3464 1905 169 4614 6617 4010 1684 6964 7550 3768 7904 8275 9631 6289 2926 7517 1798 6377 4548 8941 5991 7774
48 2635 6096 5057 957 4392 9591 450 89 288 1442 9640 6211 6304 4703 2238 4524 8812 3802 2552 2509 3146 4375 3284 7072 680 3034 700 6119 6621 1351 2492 5415 1743 6691 4876 1357 8748 2619 2553 857 1877 4381 547 6159 5054 3540 9918 470
47 6975 78 1377 8835 8870 7380 9606 2293 1210 5654 7607 4221 1735 4874 1193 1792 3545 8330 1460 3975 123 683 9824 7739 1719 7184 6968 2290 6689 8495 8429 3714 1296 6880 7736 29 9691 821 632 2667 8749 6921 1428 8918 8062 6587 2810
46 2098 3491 4616 6770 3534 8977 3201 5696 1152 4976 3275 9909 7110 9583 5315 3018 3487 5687 7522 4293 8755 2044 8722 6060 6457 6591 6696 8095 1391 8707 5399 3737 4439 4731 827 2210 783 5657 9557 5391 7542 6012 6823 2532 1665 9154
48 8103 3042 3265 5008 5967 5917 7969 1809 2614 1429 2036 4788 7870 8572 7541 6978 6163 1427 3850 8215 6454 6367 954 7588 580 9712 9673 4623 3085 7578 4860 1006 853 5871 8101 7818 8635 7659 8648 3752 2257 1404 9535 1369 1184 8589 845 8465
45 4467 9822 3592 5233 6785 9743 544 8120 8699 5598 9484 8046 6452 704 7691 1917 4193 1032 8260 6354 1214 4992 8925 9455 3983 4421 7378 7673 7248 9647 3088 8626 6949 3900 1432 5961 2579 6909 7717 4297 6784 7731 451 8784 5418
49 2772 1826 993 90 3482 5938 4239 540 8327 4144 3412 7185 4948 7891 1174 743 576 7135 9919 1000 2040 6585 6763 2833 6337 2645 1135 5426 611 733 3971 9659 1732 1216 4686 5893 1945 1078 3626 8104 9450 2197 3842 2311 4682 9474 2273 7194 9556
50 2717 3425 9960 7606 7918 6294 6819 7191 5968 338 5783 6341 91 760 2021 8641 4289 6708 9562 5964 3817 9871 609 4180 6945 4448 9024 8031 5827 7155 8720 2174 3976 7956 9578 4073 5172 8411 1447 5665 3510 1576 5527 6153 9045 8682 2807 4775 1778 4659
50 6198 3190 3902 7313 8472 3505 8399 7173 3149 8841 780 1631 73 5901 7361 184 36 5822 7765 1360 1724 7213 1934 3686 1406 9923 2882 4700 3535 8321 6110 4653 4846 6870 5620 7302 5025 5824 3655 2427 3045 4411 2275 8895 3226 3404 7839 4256 2936 447
48 7849 1134 2452 2847 4632 2715 8624 6410 8549 5436 9504 675 8328 9753 901 8262 1307 6715 3508 4921 7108 7554 7056 9769 861 58 7099 3723 1783 7200 2740 8414 1640 7285 6199 5047 8380 162 6080 8633 7354 787 7991 480 3663 6513 8265 4915
49 4172 9861 4581 8447 910 9506 6459 6073 7980 5052 3300 80 3192 1121 2511 3989 7816 5327 4290 2897 8558 6728 7118 4074 1885 7831 270 7172 3499 2445 1346 1611 4404 1910 1803 2871 2932 7686 9715 6840 9377 7583 4490 1881 6303 624 9650 6898 3143
52 6430 4967 5160 7511 9992 68 3694 6925 2253 9454 2768 2677 5671 2920 308 7369 6971 3675 4691 8689 718 4990 1023 7560 55 7860 6291 7702 6706 4902 4955 2484 4752 9511 1733 2449 7057 7391 8408 3627 7619 4270 1957 1518 9143 2514 3120 5970 2493 9544 9343 3227
48 2603 7318 7674 6891 3827 6720 6151 665 5895 3696 515 8634 1689 6752 4550 5406 1326 7661 7409 6138 8859 8844 5332 9844 539 639 4669 5505 2692 6962 2087 9726 9701 3967 1159 7454 1110 5316 661 6907 7413 9563 8750 6266 6271 7422 5320 5255
50 2995 6056 9714 5500 862 3171 8934 502 7699 8204 1961 7408 2391 7227 2247 3429 8680 1797 3835 3402 5309 7785 2699 5497 7001 7682 559 6837 9323 381 5393 9480 9530 6957 7403 2543 8280 160 2363 8127 2336 1811 5996 3157 2537 8830 8959 4268 7885 2504
45 5254 8858 1577 6488 5209 128 5185 1560 9139 3292 7381 1229 2129 8264 689 6872 5311 5533 2184 7312 5808 1530 8942 5956 775 6403 3602 3046 1625 3252 3600 3597 8102 9539 8192 6260 818 5196 8731 9003 2670 7066 9109 819 9895
49 5260 4114 6669 2583 5475 9200 9592 3259 4126 9777 7621 9494 8569 8532 2613 194 6277 332 4047 3055 6145 865 8512 7321 1507 3692 2187 418 8519 7273 4780 3261 8056 3142 6525 6831 7303 7169 5217 1318 4907 3369 7280 6447 9991 5591 5877 3422 1868
48 8854 5482 2417 4474 8481 1275 1756 3391 8701 7773 6049 2868 771 9495 420 219 8988 3364 5963 4100 5611 225 877 989 512 7271 3400 618 3184 4143 2460 9801 1729 4269 1902 3165 5155 9620 3687 651 6490 1385 2616 9505 9786 9838 8194 7368
48 2870 7320 4764 2297 5952 1842 4091 9251 1325 1178 8277 3610 4183 3205 1904 7675 7316 8840 1671 3078 9689 7282 1320 2121 2014 2759 6418 5477 3853 4496 2425 1581 7428 2344 3089 260 2831 6391 3673 9849 8393 8555 566 7050 7789 5375 5002 5392
50 7678 1999 1109 6982 8205 4797 5653 6765 3126 7528 2201 6822 4627 1996 4692 1707 1253 9267 4577 6606 868 9029 5998 3416 8752 9389 5132 213 367 758 4027 3890 2660 9928 875 7070 9711 9357 723 2566 2987 6631 5615 6833 6932 6673 5698 1533 9404 1627
49 5604 1769 7633 3198 6425 6888 2524 2971 4442 2664 5542 9540 8679 6979 2207 6795 5568 6800 1493 1319 7007 1952 1879 8007 9299 2006 5565 3047 1403 595 5617 7350 1252 6896 4206 4675 8738 7658 9950 8802 9082 2862 1975 1705 145 953 9403 5410 8392
48 9151 8598 660 7794 5241 6265 5898 7331 676 6815 9489 7149 5353 6057 1167 6436 2542 9634 3105 5064 4591 7429 6948 9845 4578 6772 2869 7212 1673 1906 6965 8684 4879 1901 4508 9638 6801 3699 3688 3450 4407 2498 573 2776 9071 8583 5365 2634
48 820 8220 9211 1415 4338 7183 7894 2506 5724 5705 9165 1547 5637 9461 4880 1098 135 1694 2050 686 3721 916 6915 1294 5379 99 1054 7779 2245 1654 1502 4475 2726 8208 8457 3935 728 3980 6066 18 8084 9759 1396 4274 3349 4556 6810 7364
50 6613 4119 4077 773 5503 4170 2933 659 2479 2358 4903 9955 9406 380 5510 2183 2835 4431 6927 2610 7941 1176 6811 339 7077 3894 2348 9232 3287 6204 1 9776 4305 8563 5335 3296 3874 1019 4624 8510 8685 6201 9285 6503 4695 4998 2969 3159 5681 5453
49 4182 4071 3288 1468 457 108 5247 5461 1049 9268 8575 2801 5863 7598 141 8458 465 2513 7802 384 4582 2780 5259 9185 5962 6502 9876 1114 5594 6104 7231 5131 2702 3788 7226 1755 8729 7224 3712 1718 8779 892 8164 9828 4762 5618 1739 224 9558
51 5959 4904 1764 6671 3765 7115 6699 3264 7295 6005 3036 4082 6554 8462 7349 6361 3341 6296 2009 6856 8067 4732 997 6310 1459 7740 6471 7035 7656 7763 1616 5295 180 7628 7563 672 9028 2347 2356 9550 8852 9905 3141 8955 9112 7106 5950 2789 6371 4881 6413
49 3883 1141 3766 7642 5130 330 6935 4279 6910 7383 6912 5499 5228 4566 5512 2525 4900 2071 5601 6862 8813 1128 6182 2428 7167 3674 8175 8982 5199 5614 7570 9162 5572 9171 7255 2461 8508 708 1129 7019 1714 7508 6169 5918 8225 4962 3285 9481 7534
49 6507 2805 570 1204 1846 2785 2813 6168 6275 1241 1575 1133 606 4116 9762 7755 5074 9203 9818 3277 642 2825 116 5417 3390 2632 8601 4332 8168 5485 8196 4261 8608 7826 9000 1356 8173 9399 2162 8985 9201 6534 2844 638 2523 8236 1678 5551 2155
49 389 8424 7324 6154 1339 8356 4909 5171 9974 8681 7022 5435 3151 3625 9186 8874 1971 7419 4140 3058 9993 6693 3174 3360 6192 3585 5581 2837 6365 9564 6953 1645 8491 8444 9237 7640 3965 7669 1699 5872 8308 5819 8708 7788 8060 4793 6737 1268 7690
48 1179 3660 3590 4303 9850 5195 3560 9817 3009 4018 4001 5682 2642 5670 117 2233 468 5490 391 7950 8907 2382 5438 4090 1853 3963 8610 8295 1613 5003 6938 4924 5616 2172 7497 9132 3221 1570 3447 4150 3351 717 4973 8061 3173 4353 6830 8180
48 3155 1813 5147 7222 5934 2005 3903 8464 2965 3680 4030 147 8093 851 6522 7981 8876 111 5429 991 4223 6582 8769 8435 3321 2082 157 4365 9122 7888 9140 1376 1073 8304 3263 9532 7211 3413 9225 372 4505 4631 7730 7521 7741 951 6240 7555
47 8044 5014 6557 6980 8386 8026 8586 4436 7543 7790 221 8381 8791 800 5496 8476 7209 8862 4127 5291 1371 2520 6719 7290 6156 2872 7069 4438 354 5651 2453 6604 3012 6067 6662 5452 9101 5101 6943 8117 5907 1967 5960 1136 9330 1212 7796
50 9053 3448 9155 5388 8657 3772 7394 9304 1197 7845 2024 9242 8754 5925 3281 5639 9044 4641 4929 9973 7942 3315 7873 9007 5063 4986 5015 8883 3747 4167 5652 3418 9295 6725 424 6394 5099 9639 3032 1162 4463 8763 9022 8363 5795 4026 6074 1473 7978 4625
45 8725 7782 4473 8404 4989 4807 8513 5031 3462 7323 9754 684 5706 4694 7988 1944 74 1477 4272 7284 8889 9664 6025 7620 1046 947 5978 4693 6768 5631 7964 7095 1251 3691 2074 7754 1686 6141 4936 6308 4384 2907 8640 4419 9204
48 7080 2586 9445 8207 528 6778 1417 8833 8910 4639 6519 1009 4134 1836 5935 974 8147 9089 4101 5249 4547 3094 4423 6345 3271 1457 3370 2798 9525 2754 7433 8868 5754 346 9722 6636 3498 8243 6248 3493 7705 9679 5526 2487 8298 9018 6647 1596
47 8078 3873 7047 2496 5583 3640 3350 9669 9907 1441 8756 3479 541 3934 5911 7835 7037 6586 8047 5292 9739 8115 7809 1838 2251 4109 9409 6758 985 840 7357 2598 347 5788 7434 5995 9205 6799 809 1786 2478 4702 3601 1071 5432 2213 3444
51 5876 691 7662 8184 1359 6796 8143 9732 2384 7151 4156 8250 2279 1412 8831 1440 3420 4465 7111 9231 9317 7847 6574 3273 9497 5689 2390 5073 5504 965 9588 7196 3574 9471 4868 9779 9911 5641 5722 5145 8202 2160 7666 9978 2962 9962 8409 5948 7997 6639 4747
48 1434 187 4322 395 5944 9366 3027 7982 8890 4777 9937 1760 6411 9989 150 1127 3678 3565 7257 1799 334 5852 5219 4161 8140 7102 2326 1488 8667 2070 1523 992 2515 5676 4029 1859 5358 4449 1900 464 2533 6920 5633 796 2902 1738 7718 694
48 207 7148 4759 6931 2874 1066 3866 2085 7769 2873 3346 5167 6286 6538 5401 943 4958 4262 972 7122 7400 1589 1126 3926 4603 8279 1137 6841 7909 6079 5825 7476 4618 1084 2641 3726 1018 1297 4783 8112 1209 253 4981 2119 8978 8744 6561 496
52 2446 7138 8097 8346 4805 8152 2365 8797 4802 3762 6677 629 4005 1165 8865 9599 6446 8460 7869 2955 3637 1708 7863 8335 8591 6298 4925 729 337 5443 4414 9630 3740 5205 1652 8054 148 3140 6536 6592 9652 699 6040 2559 4531 616 4947 9916 9731 9866 4585 5644
51 8172 1579 1753 7494 1531 2418 6092 2003 5826 1907 9708 4076 6007 690 6686 1149 9660 597 2230 3228 7706 7525 3453 3849 1467 7623 2939 5752 7053 4328 6492 9021 5899 8921 4595 829 8312 2880 5684 9369 3613 7600 4908 4367 8146 2105 5849 1638 946 2587 7641
48 3636 9581 671 9440 2335 5965 8438 1505 4834 706 2992 8006 9864 435 9240 9314 6515 8894 2052 9247 5488 5869 9694 6044 9177 8329 5519 6611 8867 2972 6288 8571 1582 9516 9026 668 7469 542 4210 9004 2751 3946 9642 1446 7900 3645 869 5988
50 8786 5062 8039 3235 3693 7358 7581 3373 9752 919 9391 9467 883 1888 243 3481 8122 4243 1709 9750 7443 1929 6508 1721 7962 1458 9355 3458 2341 8133 7181 755 2118 7783 7959 3395 6019 142 3676 4267 8302 1470 2731 731 5471 8776 9383 6960 5897 4037
48 6440 2150 9888 3581 4980 596 811 4507 9632 9382 4716 7974 81 3541 5759 9362 6473 4110 5397 2924 4564 2539 6378 4546 1223 153 982 5622 9040 5688 2690 4202 2112 9746 8340 5089 9402 7665 4121 5380 5538 181 9947 4895 4699 8619 4254 7341
47 9141 3423 5030 8246 1060 5903 5545 7244 9219 6681 4628 1674 7800 3651 1730 7597 8511 83 3507 4379 4402 7532 1914 9453 1416 8860 5627 7999 1578 1291 9016 8822 4208 410 9305 7933 8739 8323 2065 8197 7152 6901 3906 3072 1991 5361 4644
51 3039 2584 6423 7883 839 2954 6416 3855 5400 721 7679 610 5157 1258 1354 8211 5879 7610 3863 7068 2826 7830 6388 3812 5048 7276 6072 3344 2757 6180 1169 7823 7079 8537 9920 5194 7599 458 2102 2669 4296 25 8058 262 9900 2357 340 6320 9410 4871 6787
0 
0 
0 
0 
0 
0 
0 
0 
0 
0 
0 
0 
0 
0 
0 
0 
0 
0 
0 
0 
0 
0 
0 
0 
0 
0 
0 
0 
0 
0 
0 
0 
0 
0 
0 
0 
0 
0 
0 
0 
0 
0 
0 
0 
0 
0 
0 
0 
0 
0 
0 
0 
0 
0 
0 
0 
0 
0 
0 
0 
0 
0 
0 
0 
0 
0 
0 
0 
0 
0 
0 
0 
0 
0 
0 
0 
0 
0 
0 
0 
0 
0 
0 
0 
0 
0 
0 
0 
0 
0 
0 
0 
0 
0 
0 
0 
0 
0 
0 
0 
0 
0 
0 
0 
0 
0 
0 
0 
0 
0 
0 
0 
0 
0 
0 
0 
0 
0 
0 
0 
0 
0 
0 
0 
0 
0 
0 
0 
0 
0 
0 
0 
0 
0 
0 
0 
0 
0 
0 
0 
0 
0 
0 
0 
0 
0 
0 
0 
0 
0 
0 
0 
0 
0 
0 
0 
0 
0 
0 
0 
0 
0 
0 
0 
0 
0 
0 
0 
0 
0 
0 
0 
0 
0 
0 
0 
0 
0 
0 
0 
0 
0 
0 
0 
0 
0 
0 
0 
0 
0 
0 
0 
0 
0 
0 
0 
0 
0 
0 
0 
0 
0 
0 
0 
0 
0 
0 
0 
0 
0 
0 
0 
0 
0 
0 
0 
0 
0 
0 
0 
0 
0 
0 
0 
0 
0 
0 
0 
0 
0 
0 
0 
0 
0 
0 
0 
0 
0 
0 
0 
0 
0 
0 
0 
0 
0 
0 
0 
0 
0 
0 
0 
0 
0 
0 
0 
0 
0 
0 
0 
0 
0 
0 
0 
0 
0 
0 
0 
0 
0 
0 
0 
0 
0 
0 
0 
0 
0 
0 
0 
0 
0 
